1. DDC: /home/jashley2017/school/cpe584/test/scl40_htc40, found 1 LEF files and 1 LIB files.
area
area
area
area
area
area
area
area
area
area
area
area
area
area
area
area
area
area
area
area
area
area
area
area
area
area
area
area
area
area
area
area
area
area
area
area
area
area
area
area
area
area
area
area
area
area
area
area
area
area
area
area
area
area
area
area
area
area
area
area
area
area
area
area
area
area
area
area
area
area
area
area
area
area
area
area
area
area
area
area
area
area
area
area
area
area
area
area
area
area
area
area
area
area
area
area
area
area
area
area
area
area
area
area
area
area
area
area
area
area
area
area
area
area
area
area
area
area
area
area
area
area
area
area
area
area
area
area
area
area
area
area
area
area
area
area
area
area
area
area
area
area
area
area
area
area
area
area
area
area
area
area
area
area
area
area
area
area
area
area
area
area
area
area
area
area
area
area
area
area
area
area
area
area
area
area
area
area
area
area
area
area
area
area
area
area
area
area
area
area
area
area
area
area
area
area
area
area
area
area
area
area
area
area
area
area
area
area
area
area
area
area
area
area
area
area
area
area
area
area
area
area
area
area
area
area
area
area
area
area
area
area
area
area
area
area
area
area
area
area
area
area
area
area
area
area
area
area
area
area
area
area
area
area
area
area
area
area
area
area
area
area
area
area
area
area
area
area
area
area
area
area
area
area
area
area
area
area
area
area
area
area
area
area
area
area
area
area
area
area
area
area
area
area
area
area
area
area
area
area
area
area
area
area
area
area
area
area
area
area
area
area
area
area
area
area
area
area
area
area
area
area
area
area
area
area
area
area
area
area
area
area
area
area
area
area
area
area
area
area
area
area
area
area
area
area
area
area
area
area
area
area
area
area
area
area
area
area
area
area
area
area
area
area
area
area
area
area
area
area
area
area
area
area
area
area
area
area
area
area
area
area
area
area
area
area
area
area
area
area
area
area
area
area
area
area
area
area
area
area
area
area
area
area
area
area
area
area
area
area
area
area
area
area
area
area
area
area
area
area
area
area
area
area
area
area
area
area
area
area
area
area
area
area
area
area
area
area
area
area
area
area
area
area
area
area
area
area
area
area
area
area
area
area
area
area
area
area
area
area
area
area
area
area
area
area
area
area
area
area
area
area
area
area
area
area
area
area
area
area
area
area
area
area
area
area
area
area
area
area
area
area
area
area
area
area
area
area
area
area
area
area
area
area
area
area
area
area
area
area
area
area
area
area
area
area
area
area
area
area
area
area
area
area
area
area
area
area
area
area
area
area
area
area
area
area
area
area
area
area
area
area
area
area
area
area
area
area
area
area
area
area
area
area
area
area
area
area
area
area
area
area
area
area
area
area
area
area
area
area
area
area
area
area
area
area
area
area
area
area
area
area
area
area
area
area
area
area
area
area
area
area
area
area
area
area
area
area
area
area
area
area
area
area
area
area
area
area
area
area
area
area
area
area
area
area
area
area
area
area
area
area
area
area
area
area
area
area
area
area
area
area
area
area
area
area
area
area
area
area
area
area
area
area
area
area
area
area
area
area
area
area
area
area
area
area
area
area
area
area
area
area
area
area
area
area
area
area
area
area
area
area
area
area
area
area
area
area
area
area
area
area
area
area
area
area
area
area
area
area
area
area
area
area
area
area
area
area
area
area
area
area
area
area
area
area
area
area
area
area
area
area
area
area
area
area
area
area
area
area
area
area
area
area
area
area
area
area
area
area
area
area
area
area
area
area
area
area
area
area
area
area
area
area
area
area
area
area
area
area
area
area
area
area
area
area
area
area
area
area
area
area
area
area
area
area
area
area
area
area
area
area
area
area
area
area
area
area
area
area
area
area
area
area
area
area
area
area
area
area
area
area
area
area
area
area
area
area
area
area
area
area
area
area
area
area
area
area
area
area
area
area
area
area
area
area
area
area
area
area
area
area
area
area
area
area
area
area
area
area
area
area
area
area
area
area
area
area
area
area
area
area
area
area
area
area
area
area
area
area
area
area
area
area
area
area
area
area
area
area
area
area
area
area
area
area
area
area
area
area
area
area
area
area
area
area
area
area
area
area
area
area
area
area
area
area
area
area
area
area
area
area
area
area
area
area
area
area
area
area
area
area
area
area
area
area
area
area
area
area
area
area
area
area
area
area
area
area
area
area
area
area
area
area
area
area
area
area
area
area
area
area
area
area
area
area
area
area
area
area
area
area
area
area
area
area
area
area
area
area
area
area
area
area
area
area
area
area
area
area
area
area
area
area
area
area
area
area
area
area
area
area
area
area
area
area
area
area
area
area
area
area
area
area
area
area
area
area
area
area
area
area
area
area
area
area
area
area
area
area
area
area
area
area
area
area
area
area
area
area
area
area
area
area
area
area
area
area
area
area
area
area
area
area
area
area
area
area
area
area
area
area
area
area
area
area
area
area
area
area
area
area
area
area
area
area
area
area
area
area
area
area
area
area
area
area
area
area
area
area
area
area
area
area
area
area
area
area
area
area
area
area
area
area
area
area
area
area
area
area
area
area
area
area
area
area
area
area
area
area
area
area
area
area
area
area
area
area
area
area
area
area
area
area
area
area
area
area
area
area
area
area
area
area
area
area
area
area
area
area
area
area
area
area
area
area
area
area
area
area
area
area
area
area
area
area
area
area
area
area
area
area
area
area
area
area
area
area
area
area
area
area
area
area
area
area
area
area
area
area
area
area
area
area
area
area
area
area
area
area
area
area
area
area
area
area
area
area
area
area
area
area
area
area
area
area
area
area
area
area
area
area
area
area
area
area
area
area
area
area
area
area
area
area
area
area
area
area
area
area
area
area
area
area
area
area
area
area
area
area
area
area
area
area
area
area
area
area
area
area
area
area
area
area
area
area
area
area
area
area
area
area
area
area
area
area
area
area
area
area
area
area
area
area
area
area
area
area
area
area
area
area
area
area
area
area
area
area
area
area
area
area
area
area
area
area
area
area
area
area
area
area
area
area
area
area
area
area
area
area
area
area
area
area
area
area
area
area
area
area
area
area
area
area
area
area
area
area
area
area
area
area
area
area
area
area
area
area
area
area
area
area
area
area
area
area
area
area
area
area
area
area
area
area
area
area
area
area
area
area
area
area
area
area
area
area
area
area
area
area
area
area
area
SEH_CKGTNLT_1
SEH_CKGTNLT_12
SEH_CKGTNLT_16
SEH_CKGTNLT_2
SEH_CKGTNLT_3
SEH_CKGTNLT_4
SEH_CKGTNLT_6
SEH_CKGTNLT_8
SEH_CKGTPLT_V5_1
SEH_CKGTPLT_V5_12
SEH_CKGTPLT_V5_16
SEH_CKGTPLT_V5_2
SEH_CKGTPLT_V5_3
SEH_CKGTPLT_V5_4
SEH_CKGTPLT_V5_6
SEH_CKGTPLT_V5_8

Test 'line_ending_semicolons' passed.

Test 'missing_property_definitions' failed.
Warning: The LEF file does not have any PROPERTYDEFINITIONS listed at the start of the file.
--------------------------------------------------------------
--------------------------------------------------------------

Test 'missing_end_library_token' passed.

Test 'mangled_cell_end' passed.

Test 'missing_cell_end' passed.

Test 'unknown_pin_property' passed.

Test 'unknown_cell_property' passed.

Test 'unknown_layer' passed.

Test 'missing_origin' passed.

Test 'strange_origin' passed.

Test 'strange_foreign' passed.

Test 'missing_class' passed.

Test 'strange_class' passed.

Test 'missing_symmetry' passed.

Test 'strange_symmetry' passed.

Test 'missing_size' passed.

Test 'missing_site' passed.

Test 'strange_site' passed.

Test 'missing_direction' passed.

Test 'strange_direction' passed.

Test 'missing_use' passed.

Test 'strange_use' failed.
Warning: The following pins have an unusual USE defined.
--------------------------------------------------------------
Line 77911: Cell SEH_CKGTNLT_1, pin CK - CLOCK
Line 78185: Cell SEH_CKGTNLT_12, pin CK - CLOCK
Line 78574: Cell SEH_CKGTNLT_16, pin CK - CLOCK
Line 78941: Cell SEH_CKGTNLT_2, pin CK - CLOCK
Line 79178: Cell SEH_CKGTNLT_3, pin CK - CLOCK
Line 79425: Cell SEH_CKGTNLT_4, pin CK - CLOCK
Line 79705: Cell SEH_CKGTNLT_6, pin CK - CLOCK
Line 80004: Cell SEH_CKGTNLT_8, pin CK - CLOCK
Line 80283: Cell SEH_CKGTPLT_V5_1, pin CK - CLOCK
Line 80482: Cell SEH_CKGTPLT_V5_12, pin CK - CLOCK
Line 80803: Cell SEH_CKGTPLT_V5_16, pin CK - CLOCK
Line 81153: Cell SEH_CKGTPLT_V5_2, pin CK - CLOCK
Line 81360: Cell SEH_CKGTPLT_V5_3, pin CK - CLOCK
Line 81585: Cell SEH_CKGTPLT_V5_4, pin CK - CLOCK
Line 81812: Cell SEH_CKGTPLT_V5_6, pin CK - CLOCK
Line 82070: Cell SEH_CKGTPLT_V5_8, pin CK - CLOCK
Line 106826: Cell SEH_FDAO22PQ_1, pin CK - CLOCK
Line 107065: Cell SEH_FDNQ_1, pin CK - CLOCK
Line 107291: Cell SEH_FDNQ_2, pin CK - CLOCK
Line 107529: Cell SEH_FDNQ_4, pin CK - CLOCK
Line 107754: Cell SEH_FDNRBQ_1, pin CK - CLOCK
Line 107999: Cell SEH_FDNRBQ_2, pin CK - CLOCK
Line 108287: Cell SEH_FDNRBQ_4, pin CK - CLOCK
Line 108617: Cell SEH_FDNRBQ_V2_1, pin CK - CLOCK
Line 108843: Cell SEH_FDNRBQ_V2_2, pin CK - CLOCK
Line 109073: Cell SEH_FDNRBQ_V2_4, pin CK - CLOCK
Line 109314: Cell SEH_FDNRBSBQ_1, pin CK - CLOCK
Line 109609: Cell SEH_FDNRBSBQ_2, pin CK - CLOCK
Line 109941: Cell SEH_FDNRBSBQ_4, pin CK - CLOCK
Line 110310: Cell SEH_FDPCBQ_1, pin CK - CLOCK
Line 110510: Cell SEH_FDPCBQ_2, pin CK - CLOCK
Line 110820: Cell SEH_FDPCBQ_4, pin CK - CLOCK
Line 111041: Cell SEH_FDPHQ_1, pin CK - CLOCK
Line 111319: Cell SEH_FDPHQ_2, pin CK - CLOCK
Line 111630: Cell SEH_FDPHRBSBQ_1, pin CK - CLOCK
Line 112013: Cell SEH_FDPHRBSBQ_2, pin CK - CLOCK
Line 112382: Cell SEH_FDPMQ_1, pin CK - CLOCK
Line 112642: Cell SEH_FDPQB_1, pin CK - CLOCK
Line 112838: Cell SEH_FDPQB_1P5, pin CK - CLOCK
Line 113050: Cell SEH_FDPQB_2, pin CK - CLOCK
Line 113269: Cell SEH_FDPQB_3, pin CK - CLOCK
Line 113528: Cell SEH_FDPQB_4, pin CK - CLOCK
Line 113790: Cell SEH_FDPQB_V2_1, pin CK - CLOCK
Line 113998: Cell SEH_FDPQB_V2_1P5, pin CK - CLOCK
Line 114204: Cell SEH_FDPQB_V2_2, pin CK - CLOCK
Line 114412: Cell SEH_FDPQB_V2_3, pin CK - CLOCK
Line 114635: Cell SEH_FDPQB_V2_4, pin CK - CLOCK
Line 114885: Cell SEH_FDPQ_1, pin CK - CLOCK
Line 115100: Cell SEH_FDPQ_2, pin CK - CLOCK
Line 115366: Cell SEH_FDPQ_4, pin CK - CLOCK
Line 115617: Cell SEH_FDPQ_V2_1, pin CK - CLOCK
Line 115820: Cell SEH_FDPQ_V2_1P5, pin CK - CLOCK
Line 116027: Cell SEH_FDPQ_V2_2, pin CK - CLOCK
Line 116233: Cell SEH_FDPQ_V2_3, pin CK - CLOCK
Line 116445: Cell SEH_FDPQ_V2_4, pin CK - CLOCK
Line 116661: Cell SEH_FDPRBQ_1, pin CK - CLOCK
Line 116906: Cell SEH_FDPRBQ_2, pin CK - CLOCK
Line 117175: Cell SEH_FDPRBQ_4, pin CK - CLOCK
Line 117497: Cell SEH_FDPRBQ_V2_1P5, pin CK - CLOCK
Line 117728: Cell SEH_FDPRBQ_V2_3, pin CK - CLOCK
Line 117977: Cell SEH_FDPRBSBQ_1, pin CK - CLOCK
Line 118268: Cell SEH_FDPRBSBQ_2, pin CK - CLOCK
Line 118584: Cell SEH_FDPRBSBQ_4, pin CK - CLOCK
Line 118972: Cell SEH_FDPSBQ_1, pin CK - CLOCK
Line 119221: Cell SEH_FDPSBQ_2, pin CK - CLOCK
Line 119483: Cell SEH_FDPSBQ_4, pin CK - CLOCK
Line 119788: Cell SEH_FDPTQ_1, pin CK - CLOCK
Line 121425: Cell SEH_FSDAO22PQO_1, pin CK - CLOCK
Line 121817: Cell SEH_FSDAO22PQO_2, pin CK - CLOCK
Line 122201: Cell SEH_FSDAO22PQO_4, pin CK - CLOCK
Line 122660: Cell SEH_FSDAO22PQO_D_1, pin CK - CLOCK
Line 123026: Cell SEH_FSDAO22PQO_D_2, pin CK - CLOCK
Line 123404: Cell SEH_FSDAO22PQO_D_4, pin CK - CLOCK
Line 123773: Cell SEH_FSDAO22PQ_D_1, pin CK - CLOCK
Line 124100: Cell SEH_FSDAO22PQ_D_2, pin CK - CLOCK
Line 124441: Cell SEH_FSDAO22PQ_D_4, pin CK - CLOCK
Line 124695: Cell SEH_FSDNQO_1, pin CK - CLOCK
Line 124986: Cell SEH_FSDNQO_2, pin CK - CLOCK
Line 125387: Cell SEH_FSDNQO_4, pin CK - CLOCK
Line 125674: Cell SEH_FSDNQ_V2_1, pin CK - CLOCK
Line 125917: Cell SEH_FSDNQ_V2_2, pin CK - CLOCK
Line 126162: Cell SEH_FSDNQ_V2_4, pin CK - CLOCK
Line 126432: Cell SEH_FSDNRBQ_1, pin CK - CLOCK
Line 126814: Cell SEH_FSDNRBQ_2, pin CK - CLOCK
Line 127185: Cell SEH_FSDNRBQ_4, pin CK - CLOCK
Line 127619: Cell SEH_FSDNRBQ_V2_1, pin CK - CLOCK
Line 127908: Cell SEH_FSDNRBQ_V2_2, pin CK - CLOCK
Line 128197: Cell SEH_FSDNRBQ_V2_4, pin CK - CLOCK
Line 128564: Cell SEH_FSDNRBSBQO_1, pin CK - CLOCK
Line 128940: Cell SEH_FSDNRBSBQO_2, pin CK - CLOCK
Line 129341: Cell SEH_FSDNRBSBQO_4, pin CK - CLOCK
Line 129806: Cell SEH_FSDPC1BQO_1, pin CK - CLOCK
Line 130108: Cell SEH_FSDPC1BQO_2, pin CK - CLOCK
Line 130496: Cell SEH_FSDPC1BQO_4, pin CK - CLOCK
Line 130946: Cell SEH_FSDPC1BQO_D_1, pin CK - CLOCK
Line 131241: Cell SEH_FSDPC1BQO_D_2, pin CK - CLOCK
Line 131538: Cell SEH_FSDPC1BQO_D_4, pin CK - CLOCK
Line 131829: Cell SEH_FSDPC1BQ_D_1, pin CK - CLOCK
Line 132102: Cell SEH_FSDPC1BQ_D_2, pin CK - CLOCK
Line 132377: Cell SEH_FSDPC1BQ_D_4, pin CK - CLOCK
Line 132600: Cell SEH_FSDPC1BQ_V2_1, pin CK - CLOCK
Line 132878: Cell SEH_FSDPC1BQ_V2_1P5, pin CK - CLOCK
Line 133164: Cell SEH_FSDPC1BQ_V2_2, pin CK - CLOCK
Line 133451: Cell SEH_FSDPC1BQ_V2_3, pin CK - CLOCK
Line 133740: Cell SEH_FSDPC1BQ_V2_4, pin CK - CLOCK
Line 134062: Cell SEH_FSDPHQO_1, pin CK - CLOCK
Line 134527: Cell SEH_FSDPHQO_2, pin CK - CLOCK
Line 134893: Cell SEH_FSDPHQO_D_2, pin CK - CLOCK
Line 135299: Cell SEH_FSDPHQ_D_1, pin CK - CLOCK
Line 135592: Cell SEH_FSDPHQ_D_2, pin CK - CLOCK
Line 136000: Cell SEH_FSDPHRBSBQO_1, pin CK - CLOCK
Line 136516: Cell SEH_FSDPHRBSBQO_2, pin CK - CLOCK
Line 136975: Cell SEH_FSDPHRBSBQO_D_2, pin CK - CLOCK
Line 137444: Cell SEH_FSDPHRBSBQ_D_1, pin CK - CLOCK
Line 137881: Cell SEH_FSDPHRBSBQ_D_2, pin CK - CLOCK
Line 138361: Cell SEH_FSDPMQO_1, pin CK - CLOCK
Line 138763: Cell SEH_FSDPMQO_2, pin CK - CLOCK
Line 139220: Cell SEH_FSDPMQO_4, pin CK - CLOCK
Line 139719: Cell SEH_FSDPMQO_D_1, pin CK - CLOCK
Line 140117: Cell SEH_FSDPMQO_D_2, pin CK - CLOCK
Line 140538: Cell SEH_FSDPMQO_D_4, pin CK - CLOCK
Line 140944: Cell SEH_FSDPMQ_D_1, pin CK - CLOCK
Line 141337: Cell SEH_FSDPMQ_D_2, pin CK - CLOCK
Line 141737: Cell SEH_FSDPMQ_D_4, pin CK - CLOCK
Line 142130: Cell SEH_FSDPQB_1, pin CK - CLOCK
Line 142399: Cell SEH_FSDPQB_1P5, pin CK - CLOCK
Line 142702: Cell SEH_FSDPQB_2, pin CK - CLOCK
Line 143065: Cell SEH_FSDPQB_3, pin CK - CLOCK
Line 143447: Cell SEH_FSDPQB_4, pin CK - CLOCK
Line 143796: Cell SEH_FSDPQB_V2_1, pin CK - CLOCK
Line 144046: Cell SEH_FSDPQB_V2_1P5, pin CK - CLOCK
Line 144301: Cell SEH_FSDPQB_V2_2, pin CK - CLOCK
Line 144557: Cell SEH_FSDPQB_V2_3, pin CK - CLOCK
Line 144818: Cell SEH_FSDPQB_V2_4, pin CK - CLOCK
Line 145086: Cell SEH_FSDPQO_1, pin CK - CLOCK
Line 145373: Cell SEH_FSDPQO_2, pin CK - CLOCK
Line 145778: Cell SEH_FSDPQO_4, pin CK - CLOCK
Line 146110: Cell SEH_FSDPQO_6, pin CK - CLOCK
Line 146526: Cell SEH_FSDPQO_8, pin CK - CLOCK
Line 146969: Cell SEH_FSDPQO_D_1, pin CK - CLOCK
Line 147239: Cell SEH_FSDPQO_D_2, pin CK - CLOCK
Line 147514: Cell SEH_FSDPQO_D_4, pin CK - CLOCK
Line 147717: Cell SEH_FSDPQ_D_1, pin CK - CLOCK
Line 148000: Cell SEH_FSDPQ_D_2, pin CK - CLOCK
Line 148207: Cell SEH_FSDPQ_D_4, pin CK - CLOCK
Line 148452: Cell SEH_FSDPQ_V2_1, pin CK - CLOCK
Line 148709: Cell SEH_FSDPQ_V2_1P5, pin CK - CLOCK
Line 148970: Cell SEH_FSDPQ_V2_2, pin CK - CLOCK
Line 149231: Cell SEH_FSDPQ_V2_3, pin CK - CLOCK
Line 149495: Cell SEH_FSDPQ_V2_4, pin CK - CLOCK
Line 149786: Cell SEH_FSDPRBQO_1, pin CK - CLOCK
Line 150195: Cell SEH_FSDPRBQO_2, pin CK - CLOCK
Line 150632: Cell SEH_FSDPRBQO_4, pin CK - CLOCK
Line 151111: Cell SEH_FSDPRBQO_6, pin CK - CLOCK
Line 151520: Cell SEH_FSDPRBQO_8, pin CK - CLOCK
Line 152007: Cell SEH_FSDPRBQO_D_1, pin CK - CLOCK
Line 152309: Cell SEH_FSDPRBQO_D_2, pin CK - CLOCK
Line 152619: Cell SEH_FSDPRBQO_D_4, pin CK - CLOCK
Line 152915: Cell SEH_FSDPRBQ_D_1, pin CK - CLOCK
Line 153196: Cell SEH_FSDPRBQ_D_2, pin CK - CLOCK
Line 153486: Cell SEH_FSDPRBQ_D_4, pin CK - CLOCK
Line 153722: Cell SEH_FSDPRBQ_V2_1, pin CK - CLOCK
Line 154019: Cell SEH_FSDPRBQ_V2_1P5, pin CK - CLOCK
Line 154323: Cell SEH_FSDPRBQ_V2_2, pin CK - CLOCK
Line 154627: Cell SEH_FSDPRBQ_V2_3, pin CK - CLOCK
Line 154937: Cell SEH_FSDPRBQ_V2_4, pin CK - CLOCK
Line 155318: Cell SEH_FSDPRBSBQO_1, pin CK - CLOCK
Line 155694: Cell SEH_FSDPRBSBQO_2, pin CK - CLOCK
Line 156080: Cell SEH_FSDPRBSBQO_4, pin CK - CLOCK
Line 156549: Cell SEH_FSDPRBSBQO_6, pin CK - CLOCK
Line 157052: Cell SEH_FSDPRBSBQO_8, pin CK - CLOCK
Line 157552: Cell SEH_FSDPRBSBQO_D_1, pin CK - CLOCK
Line 157892: Cell SEH_FSDPRBSBQO_D_2, pin CK - CLOCK
Line 158243: Cell SEH_FSDPRBSBQO_D_4, pin CK - CLOCK
Line 158576: Cell SEH_FSDPRBSBQ_DPS_1, pin CK - CLOCK
Line 158929: Cell SEH_FSDPRBSBQ_D_1, pin CK - CLOCK
Line 159244: Cell SEH_FSDPRBSBQ_D_2, pin CK - CLOCK
Line 159577: Cell SEH_FSDPRBSBQ_D_4, pin CK - CLOCK
Line 159881: Cell SEH_FSDPSBQO_1, pin CK - CLOCK
Line 160263: Cell SEH_FSDPSBQO_2, pin CK - CLOCK
Line 160633: Cell SEH_FSDPSBQO_4, pin CK - CLOCK
Line 161016: Cell SEH_FSDPSBQO_6, pin CK - CLOCK
Line 161503: Cell SEH_FSDPSBQO_8, pin CK - CLOCK
Line 162010: Cell SEH_FSDPSBQO_D_1, pin CK - CLOCK
Line 162311: Cell SEH_FSDPSBQO_D_2, pin CK - CLOCK
Line 162622: Cell SEH_FSDPSBQO_D_4, pin CK - CLOCK
Line 162917: Cell SEH_FSDPSBQ_D_1, pin CK - CLOCK
Line 163194: Cell SEH_FSDPSBQ_D_2, pin CK - CLOCK
Line 163479: Cell SEH_FSDPSBQ_D_4, pin CK - CLOCK
Line 163784: Cell SEH_FSDPTQO_1, pin CK - CLOCK
Line 164124: Cell SEH_FSDPTQO_2, pin CK - CLOCK
Line 164477: Cell SEH_FSDPTQO_4, pin CK - CLOCK
Line 164859: Cell SEH_FSDPTQO_D_1, pin CK - CLOCK
Line 165155: Cell SEH_FSDPTQO_D_2, pin CK - CLOCK
Line 165465: Cell SEH_FSDPTQO_D_4, pin CK - CLOCK
Line 165764: Cell SEH_FSDPTQ_D_1, pin CK - CLOCK
Line 166049: Cell SEH_FSDPTQ_D_2, pin CK - CLOCK
Line 166338: Cell SEH_FSDPTQ_D_4, pin CK - CLOCK
Line 171003: Cell SEH_LDNQ_1, pin G - CLOCK
Line 171138: Cell SEH_LDNQ_2, pin G - CLOCK
Line 171298: Cell SEH_LDNQ_4, pin G - CLOCK
Line 171486: Cell SEH_LDNRBQ_1, pin G - CLOCK
Line 171647: Cell SEH_LDNRBQ_2, pin G - CLOCK
Line 171892: Cell SEH_LDNRBQ_4, pin G - CLOCK
Line 172082: Cell SEH_LDPQ_1, pin G - CLOCK
Line 172218: Cell SEH_LDPQ_2, pin G - CLOCK
Line 172383: Cell SEH_LDPQ_4, pin G - CLOCK
Line 172600: Cell SEH_LDPRBQ_1, pin G - CLOCK
Line 172725: Cell SEH_LDPRBQ_2, pin G - CLOCK
Line 172962: Cell SEH_LDPRBQ_4, pin G - CLOCK
Line 173170: Cell SEH_LHSND_1, pin E - CLOCK
Line 173427: Cell SEH_LHSND_2, pin E - CLOCK
Line 173677: Cell SEH_LHSND_4, pin E - CLOCK
Line 173910: Cell SEH_LHSNQD_1, pin E - CLOCK
Line 174089: Cell SEH_LHSNQD_2, pin E - CLOCK
Line 174341: Cell SEH_LHSNQD_4, pin E - CLOCK
--------------------------------------------------------------

Test 'lef_missing_cell' passed.

Test 'lef_missing_pin' failed.
Error: The following cells had the following pins defined in Liberty files, but not in the LEF file.
--------------------------------------------------------------
SEH_CKGTNLT_1:
	IQ:
		/home/jashley2017/school/cpe584/test/scl40_htc40/syn/scl40_htc40_ssplv_0p76lv1_n40c_rcmaxpc_fsme_tml_PVT6.lib
SEH_CKGTNLT_12:
	IQ:
		/home/jashley2017/school/cpe584/test/scl40_htc40/syn/scl40_htc40_ssplv_0p76lv1_n40c_rcmaxpc_fsme_tml_PVT6.lib
SEH_CKGTNLT_16:
	IQ:
		/home/jashley2017/school/cpe584/test/scl40_htc40/syn/scl40_htc40_ssplv_0p76lv1_n40c_rcmaxpc_fsme_tml_PVT6.lib
SEH_CKGTNLT_2:
	IQ:
		/home/jashley2017/school/cpe584/test/scl40_htc40/syn/scl40_htc40_ssplv_0p76lv1_n40c_rcmaxpc_fsme_tml_PVT6.lib
SEH_CKGTNLT_3:
	IQ:
		/home/jashley2017/school/cpe584/test/scl40_htc40/syn/scl40_htc40_ssplv_0p76lv1_n40c_rcmaxpc_fsme_tml_PVT6.lib
SEH_CKGTNLT_4:
	IQ:
		/home/jashley2017/school/cpe584/test/scl40_htc40/syn/scl40_htc40_ssplv_0p76lv1_n40c_rcmaxpc_fsme_tml_PVT6.lib
SEH_CKGTNLT_6:
	IQ:
		/home/jashley2017/school/cpe584/test/scl40_htc40/syn/scl40_htc40_ssplv_0p76lv1_n40c_rcmaxpc_fsme_tml_PVT6.lib
SEH_CKGTNLT_8:
	IQ:
		/home/jashley2017/school/cpe584/test/scl40_htc40/syn/scl40_htc40_ssplv_0p76lv1_n40c_rcmaxpc_fsme_tml_PVT6.lib
SEH_CKGTPLT_V5_1:
	IQ:
		/home/jashley2017/school/cpe584/test/scl40_htc40/syn/scl40_htc40_ssplv_0p76lv1_n40c_rcmaxpc_fsme_tml_PVT6.lib
SEH_CKGTPLT_V5_12:
	IQ:
		/home/jashley2017/school/cpe584/test/scl40_htc40/syn/scl40_htc40_ssplv_0p76lv1_n40c_rcmaxpc_fsme_tml_PVT6.lib
SEH_CKGTPLT_V5_16:
	IQ:
		/home/jashley2017/school/cpe584/test/scl40_htc40/syn/scl40_htc40_ssplv_0p76lv1_n40c_rcmaxpc_fsme_tml_PVT6.lib
SEH_CKGTPLT_V5_2:
	IQ:
		/home/jashley2017/school/cpe584/test/scl40_htc40/syn/scl40_htc40_ssplv_0p76lv1_n40c_rcmaxpc_fsme_tml_PVT6.lib
SEH_CKGTPLT_V5_3:
	IQ:
		/home/jashley2017/school/cpe584/test/scl40_htc40/syn/scl40_htc40_ssplv_0p76lv1_n40c_rcmaxpc_fsme_tml_PVT6.lib
SEH_CKGTPLT_V5_4:
	IQ:
		/home/jashley2017/school/cpe584/test/scl40_htc40/syn/scl40_htc40_ssplv_0p76lv1_n40c_rcmaxpc_fsme_tml_PVT6.lib
SEH_CKGTPLT_V5_6:
	IQ:
		/home/jashley2017/school/cpe584/test/scl40_htc40/syn/scl40_htc40_ssplv_0p76lv1_n40c_rcmaxpc_fsme_tml_PVT6.lib
SEH_CKGTPLT_V5_8:
	IQ:
		/home/jashley2017/school/cpe584/test/scl40_htc40/syn/scl40_htc40_ssplv_0p76lv1_n40c_rcmaxpc_fsme_tml_PVT6.lib
--------------------------------------------------------------

Test 'liberty_missing_cell' failed.
Error: The following cells were found in the LEF file, but not in the following Liberty files.
--------------------------------------------------------------
SEH_CAPL8:
	/home/jashley2017/school/cpe584/test/scl40_htc40/syn/scl40_htc40_ssplv_0p76lv1_n40c_rcmaxpc_fsme_tml_PVT6.lib
SEH_CAPLNOPG8:
	/home/jashley2017/school/cpe584/test/scl40_htc40/syn/scl40_htc40_ssplv_0p76lv1_n40c_rcmaxpc_fsme_tml_PVT6.lib
SEH_CAPLV2Y8:
	/home/jashley2017/school/cpe584/test/scl40_htc40/syn/scl40_htc40_ssplv_0p76lv1_n40c_rcmaxpc_fsme_tml_PVT6.lib
SEH_CAPR8:
	/home/jashley2017/school/cpe584/test/scl40_htc40/syn/scl40_htc40_ssplv_0p76lv1_n40c_rcmaxpc_fsme_tml_PVT6.lib
SEH_CAPRNOPG8:
	/home/jashley2017/school/cpe584/test/scl40_htc40/syn/scl40_htc40_ssplv_0p76lv1_n40c_rcmaxpc_fsme_tml_PVT6.lib
SEH_CAPRV2Y8:
	/home/jashley2017/school/cpe584/test/scl40_htc40/syn/scl40_htc40_ssplv_0p76lv1_n40c_rcmaxpc_fsme_tml_PVT6.lib
SEH_FILL1:
	/home/jashley2017/school/cpe584/test/scl40_htc40/syn/scl40_htc40_ssplv_0p76lv1_n40c_rcmaxpc_fsme_tml_PVT6.lib
SEH_FILL12:
	/home/jashley2017/school/cpe584/test/scl40_htc40/syn/scl40_htc40_ssplv_0p76lv1_n40c_rcmaxpc_fsme_tml_PVT6.lib
SEH_FILL16:
	/home/jashley2017/school/cpe584/test/scl40_htc40/syn/scl40_htc40_ssplv_0p76lv1_n40c_rcmaxpc_fsme_tml_PVT6.lib
SEH_FILL2:
	/home/jashley2017/school/cpe584/test/scl40_htc40/syn/scl40_htc40_ssplv_0p76lv1_n40c_rcmaxpc_fsme_tml_PVT6.lib
SEH_FILL3:
	/home/jashley2017/school/cpe584/test/scl40_htc40/syn/scl40_htc40_ssplv_0p76lv1_n40c_rcmaxpc_fsme_tml_PVT6.lib
SEH_FILL32:
	/home/jashley2017/school/cpe584/test/scl40_htc40/syn/scl40_htc40_ssplv_0p76lv1_n40c_rcmaxpc_fsme_tml_PVT6.lib
SEH_FILL4:
	/home/jashley2017/school/cpe584/test/scl40_htc40/syn/scl40_htc40_ssplv_0p76lv1_n40c_rcmaxpc_fsme_tml_PVT6.lib
SEH_FILL5:
	/home/jashley2017/school/cpe584/test/scl40_htc40/syn/scl40_htc40_ssplv_0p76lv1_n40c_rcmaxpc_fsme_tml_PVT6.lib
SEH_FILL6:
	/home/jashley2017/school/cpe584/test/scl40_htc40/syn/scl40_htc40_ssplv_0p76lv1_n40c_rcmaxpc_fsme_tml_PVT6.lib
SEH_FILL64:
	/home/jashley2017/school/cpe584/test/scl40_htc40/syn/scl40_htc40_ssplv_0p76lv1_n40c_rcmaxpc_fsme_tml_PVT6.lib
SEH_FILL8:
	/home/jashley2017/school/cpe584/test/scl40_htc40/syn/scl40_htc40_ssplv_0p76lv1_n40c_rcmaxpc_fsme_tml_PVT6.lib
SEH_FILLNOPG1:
	/home/jashley2017/school/cpe584/test/scl40_htc40/syn/scl40_htc40_ssplv_0p76lv1_n40c_rcmaxpc_fsme_tml_PVT6.lib
SEH_FILLNOPG12:
	/home/jashley2017/school/cpe584/test/scl40_htc40/syn/scl40_htc40_ssplv_0p76lv1_n40c_rcmaxpc_fsme_tml_PVT6.lib
SEH_FILLNOPG16:
	/home/jashley2017/school/cpe584/test/scl40_htc40/syn/scl40_htc40_ssplv_0p76lv1_n40c_rcmaxpc_fsme_tml_PVT6.lib
SEH_FILLNOPG2:
	/home/jashley2017/school/cpe584/test/scl40_htc40/syn/scl40_htc40_ssplv_0p76lv1_n40c_rcmaxpc_fsme_tml_PVT6.lib
SEH_FILLNOPG3:
	/home/jashley2017/school/cpe584/test/scl40_htc40/syn/scl40_htc40_ssplv_0p76lv1_n40c_rcmaxpc_fsme_tml_PVT6.lib
SEH_FILLNOPG32:
	/home/jashley2017/school/cpe584/test/scl40_htc40/syn/scl40_htc40_ssplv_0p76lv1_n40c_rcmaxpc_fsme_tml_PVT6.lib
SEH_FILLNOPG4:
	/home/jashley2017/school/cpe584/test/scl40_htc40/syn/scl40_htc40_ssplv_0p76lv1_n40c_rcmaxpc_fsme_tml_PVT6.lib
SEH_FILLNOPG5:
	/home/jashley2017/school/cpe584/test/scl40_htc40/syn/scl40_htc40_ssplv_0p76lv1_n40c_rcmaxpc_fsme_tml_PVT6.lib
SEH_FILLNOPG6:
	/home/jashley2017/school/cpe584/test/scl40_htc40/syn/scl40_htc40_ssplv_0p76lv1_n40c_rcmaxpc_fsme_tml_PVT6.lib
SEH_FILLNOPG64:
	/home/jashley2017/school/cpe584/test/scl40_htc40/syn/scl40_htc40_ssplv_0p76lv1_n40c_rcmaxpc_fsme_tml_PVT6.lib
SEH_FILLNOPG8:
	/home/jashley2017/school/cpe584/test/scl40_htc40/syn/scl40_htc40_ssplv_0p76lv1_n40c_rcmaxpc_fsme_tml_PVT6.lib
SEH_FILLV2Y1:
	/home/jashley2017/school/cpe584/test/scl40_htc40/syn/scl40_htc40_ssplv_0p76lv1_n40c_rcmaxpc_fsme_tml_PVT6.lib
SEH_FILLV2Y12:
	/home/jashley2017/school/cpe584/test/scl40_htc40/syn/scl40_htc40_ssplv_0p76lv1_n40c_rcmaxpc_fsme_tml_PVT6.lib
SEH_FILLV2Y16:
	/home/jashley2017/school/cpe584/test/scl40_htc40/syn/scl40_htc40_ssplv_0p76lv1_n40c_rcmaxpc_fsme_tml_PVT6.lib
SEH_FILLV2Y2:
	/home/jashley2017/school/cpe584/test/scl40_htc40/syn/scl40_htc40_ssplv_0p76lv1_n40c_rcmaxpc_fsme_tml_PVT6.lib
SEH_FILLV2Y3:
	/home/jashley2017/school/cpe584/test/scl40_htc40/syn/scl40_htc40_ssplv_0p76lv1_n40c_rcmaxpc_fsme_tml_PVT6.lib
SEH_FILLV2Y32:
	/home/jashley2017/school/cpe584/test/scl40_htc40/syn/scl40_htc40_ssplv_0p76lv1_n40c_rcmaxpc_fsme_tml_PVT6.lib
SEH_FILLV2Y4:
	/home/jashley2017/school/cpe584/test/scl40_htc40/syn/scl40_htc40_ssplv_0p76lv1_n40c_rcmaxpc_fsme_tml_PVT6.lib
SEH_FILLV2Y5:
	/home/jashley2017/school/cpe584/test/scl40_htc40/syn/scl40_htc40_ssplv_0p76lv1_n40c_rcmaxpc_fsme_tml_PVT6.lib
SEH_FILLV2Y6:
	/home/jashley2017/school/cpe584/test/scl40_htc40/syn/scl40_htc40_ssplv_0p76lv1_n40c_rcmaxpc_fsme_tml_PVT6.lib
SEH_FILLV2Y64:
	/home/jashley2017/school/cpe584/test/scl40_htc40/syn/scl40_htc40_ssplv_0p76lv1_n40c_rcmaxpc_fsme_tml_PVT6.lib
SEH_FILLV2Y8:
	/home/jashley2017/school/cpe584/test/scl40_htc40/syn/scl40_htc40_ssplv_0p76lv1_n40c_rcmaxpc_fsme_tml_PVT6.lib
SEH_FILL_PO1:
	/home/jashley2017/school/cpe584/test/scl40_htc40/syn/scl40_htc40_ssplv_0p76lv1_n40c_rcmaxpc_fsme_tml_PVT6.lib
SEH_FILL_PONOPG1:
	/home/jashley2017/school/cpe584/test/scl40_htc40/syn/scl40_htc40_ssplv_0p76lv1_n40c_rcmaxpc_fsme_tml_PVT6.lib
SEH_FILL_POV2Y1:
	/home/jashley2017/school/cpe584/test/scl40_htc40/syn/scl40_htc40_ssplv_0p76lv1_n40c_rcmaxpc_fsme_tml_PVT6.lib
SEH_TAPDS1T5:
	/home/jashley2017/school/cpe584/test/scl40_htc40/syn/scl40_htc40_ssplv_0p76lv1_n40c_rcmaxpc_fsme_tml_PVT6.lib
--------------------------------------------------------------

Test 'liberty_missing_pin' failed.
Error: The following cells had the following pins defined in the LEF file, but not in the following Liberty files.
--------------------------------------------------------------
SEH_TIEDIN_G_1:
	VBN:
		/home/jashley2017/school/cpe584/test/scl40_htc40/syn/scl40_htc40_ssplv_0p76lv1_n40c_rcmaxpc_fsme_tml_PVT6.lib
	VBP:
		/home/jashley2017/school/cpe584/test/scl40_htc40/syn/scl40_htc40_ssplv_0p76lv1_n40c_rcmaxpc_fsme_tml_PVT6.lib
	VDD:
		/home/jashley2017/school/cpe584/test/scl40_htc40/syn/scl40_htc40_ssplv_0p76lv1_n40c_rcmaxpc_fsme_tml_PVT6.lib
	VSS:
		/home/jashley2017/school/cpe584/test/scl40_htc40/syn/scl40_htc40_ssplv_0p76lv1_n40c_rcmaxpc_fsme_tml_PVT6.lib
--------------------------------------------------------------

Test 'area_mismatch' failed.
Error: The following cells had a SIZE property that was inconsistent with the AREA stated in the following Liberty files.
--------------------------------------------------------------
SEH_TIEDIN_G_1:
	/home/jashley2017/school/cpe584/test/scl40_htc40/syn/scl40_htc40_ssplv_0p76lv1_n40c_rcmaxpc_fsme_tml_PVT6.lib
--------------------------------------------------------------
